Arguments: 
  /usr/local/bin/node /usr/local/bin/yarn info

PATH: 
  /usr/local/bin:/usr/bin:/bin:/usr/sbin:/sbin

Yarn version: 
  0.21.3

Node version: 
  6.10.0

Platform: 
  darwin x64

npm manifest: 
  {
    "dependencies": {
      "animate.css": "^3.5.2",
      "bootstrap": "^3.3.7",
      "jquery": "^3.2.1"
    }
  }

yarn manifest: 
  No manifest

Lockfile: 
  # THIS IS AN AUTOGENERATED FILE. DO NOT EDIT THIS FILE DIRECTLY.
  # yarn lockfile v1
  
  
  animate.css@^3.5.2:
    version "3.5.2"
    resolved "https://registry.yarnpkg.com/animate.css/-/animate.css-3.5.2.tgz#91e668dc069a808e5e499514867b97aae0166c36"
  
  bootstrap@^3.3.7:
    version "3.3.7"
    resolved "https://registry.yarnpkg.com/bootstrap/-/bootstrap-3.3.7.tgz#5a389394549f23330875a3b150656574f8a9eb71"
  
  jquery@^3.2.1:
    version "3.2.1"
    resolved "https://registry.yarnpkg.com/jquery/-/jquery-3.2.1.tgz#5c4d9de652af6cd0a770154a631bba12b015c787"

Trace: 
  TypeError: Invalid attempt to destructure non-iterable instance
      at /usr/local/Cellar/yarn/0.21.3/libexec/lib/node_modules/yarn/node_modules/babel-runtime/helpers/slicedToArray.js:48:13
      at parsePackageName (/usr/local/Cellar/yarn/0.21.3/libexec/lib/node_modules/yarn/lib/util/parse-package-name.js:21:81)
      at Object.<anonymous> (/usr/local/Cellar/yarn/0.21.3/libexec/lib/node_modules/yarn/lib/cli/commands/info.js:30:90)
      at next (native)
      at step (/usr/local/Cellar/yarn/0.21.3/libexec/lib/node_modules/yarn/node_modules/babel-runtime/helpers/asyncToGenerator.js:17:30)
      at /usr/local/Cellar/yarn/0.21.3/libexec/lib/node_modules/yarn/node_modules/babel-runtime/helpers/asyncToGenerator.js:28:13
